2023-03-04T20:14:03.603+09:00  INFO 30158 --- [main] c.project.hangmani.HangmaniApplication   : Starting HangmaniApplication using Java 17.0.6 with PID 30158 (/Users/handongjun/workspace/team_project/hangmani/out/production/classes started by handongjun in /Users/handongjun/workspace/team_project/hangmani)
2023-03-04T20:14:03.604+09:00  INFO 30158 --- [main] c.project.hangmani.HangmaniApplication   : No active profile set, falling back to 1 default profile: "default"
2023-03-04T20:14:04.345+09:00  INFO 30158 --- [main] o.s.b.w.embedded.tomcat.TomcatWebServer  : Tomcat initialized with port(s): 8080 (http)
2023-03-04T20:14:04.350+09:00  INFO 30158 --- [main] o.apache.catalina.core.StandardService   : Starting service [Tomcat]
2023-03-04T20:14:04.350+09:00  INFO 30158 --- [main] o.apache.catalina.core.StandardEngine    : Starting Servlet engine: [Apache Tomcat/10.1.5]
2023-03-04T20:14:04.392+09:00  INFO 30158 --- [main] o.a.c.c.C.[Tomcat].[localhost].[/]       : Initializing Spring embedded WebApplicationContext
2023-03-04T20:14:04.392+09:00  INFO 30158 --- [main] w.s.c.ServletWebServerApplicationContext : Root WebApplicationContext: initialization completed in 755 ms
2023-03-04T20:14:05.076+09:00  WARN 30158 --- [main] ion$DefaultTemplateResolverConfiguration : Cannot find template location: classpath:/templates/ (please add some templates, check your Thymeleaf configuration, or set spring.thymeleaf.check-template-location=false)
2023-03-04T20:14:05.151+09:00  INFO 30158 --- [main] o.s.b.w.embedded.tomcat.TomcatWebServer  : Tomcat started on port(s): 8080 (http) with context path ''
2023-03-04T20:14:05.164+09:00  INFO 30158 --- [main] c.project.hangmani.HangmaniApplication   : Started HangmaniApplication in 1.822 seconds (process running for 2.171)
2023-03-04T20:14:50.298+09:00  INFO 30217 --- [main] c.project.hangmani.HangmaniApplication   : Starting HangmaniApplication using Java 17.0.6 with PID 30217 (/Users/handongjun/workspace/team_project/hangmani/out/production/classes started by handongjun in /Users/handongjun/workspace/team_project/hangmani)
2023-03-04T20:14:50.301+09:00  INFO 30217 --- [main] c.project.hangmani.HangmaniApplication   : No active profile set, falling back to 1 default profile: "default"
2023-03-04T20:14:51.018+09:00  INFO 30217 --- [main] o.s.b.w.embedded.tomcat.TomcatWebServer  : Tomcat initialized with port(s): 8080 (http)
2023-03-04T20:14:51.023+09:00  INFO 30217 --- [main] o.apache.catalina.core.StandardService   : Starting service [Tomcat]
2023-03-04T20:14:51.023+09:00  INFO 30217 --- [main] o.apache.catalina.core.StandardEngine    : Starting Servlet engine: [Apache Tomcat/10.1.5]
2023-03-04T20:14:51.064+09:00  INFO 30217 --- [main] o.a.c.c.C.[Tomcat].[localhost].[/]       : Initializing Spring embedded WebApplicationContext
2023-03-04T20:14:51.064+09:00  INFO 30217 --- [main] w.s.c.ServletWebServerApplicationContext : Root WebApplicationContext: initialization completed in 732 ms
2023-03-04T20:14:51.567+09:00  WARN 30217 --- [main] ion$DefaultTemplateResolverConfiguration : Cannot find template location: classpath:/templates/ (please add some templates, check your Thymeleaf configuration, or set spring.thymeleaf.check-template-location=false)
2023-03-04T20:14:51.647+09:00  INFO 30217 --- [main] o.s.b.w.embedded.tomcat.TomcatWebServer  : Tomcat started on port(s): 8080 (http) with context path ''
2023-03-04T20:14:51.660+09:00  INFO 30217 --- [main] c.project.hangmani.HangmaniApplication   : Started HangmaniApplication in 1.632 seconds (process running for 1.92)
2023-03-04T20:14:53.138+09:00  INFO 30217 --- [http-nio-8080-exec-1] o.a.c.c.C.[Tomcat].[localhost].[/]       : Initializing Spring DispatcherServlet 'dispatcherServlet'
2023-03-04T20:14:53.138+09:00  INFO 30217 --- [http-nio-8080-exec-1] o.s.web.servlet.DispatcherServlet        : Initializing Servlet 'dispatcherServlet'
2023-03-04T20:14:53.139+09:00  INFO 30217 --- [http-nio-8080-exec-1] o.s.web.servlet.DispatcherServlet        : Completed initialization in 1 ms
2023-03-04T20:14:53.557+09:00  INFO 30217 --- [http-nio-8080-exec-7] o.springdoc.api.AbstractOpenApiResource  : Init duration for springdoc-openapi is: 206 ms
2023-03-04T20:15:17.700+09:00  INFO 30264 --- [main] c.project.hangmani.HangmaniApplication   : Starting HangmaniApplication using Java 17.0.6 with PID 30264 (/Users/handongjun/workspace/team_project/hangmani/out/production/classes started by handongjun in /Users/handongjun/workspace/team_project/hangmani)
2023-03-04T20:15:17.702+09:00  INFO 30264 --- [main] c.project.hangmani.HangmaniApplication   : No active profile set, falling back to 1 default profile: "default"
2023-03-04T20:15:18.381+09:00  INFO 30264 --- [main] o.s.b.w.embedded.tomcat.TomcatWebServer  : Tomcat initialized with port(s): 8080 (http)
2023-03-04T20:15:18.385+09:00  INFO 30264 --- [main] o.apache.catalina.core.StandardService   : Starting service [Tomcat]
2023-03-04T20:15:18.385+09:00  INFO 30264 --- [main] o.apache.catalina.core.StandardEngine    : Starting Servlet engine: [Apache Tomcat/10.1.5]
2023-03-04T20:15:18.426+09:00  INFO 30264 --- [main] o.a.c.c.C.[Tomcat].[localhost].[/]       : Initializing Spring embedded WebApplicationContext
2023-03-04T20:15:18.426+09:00  INFO 30264 --- [main] w.s.c.ServletWebServerApplicationContext : Root WebApplicationContext: initialization completed in 698 ms
2023-03-04T20:15:18.924+09:00  WARN 30264 --- [main] ion$DefaultTemplateResolverConfiguration : Cannot find template location: classpath:/templates/ (please add some templates, check your Thymeleaf configuration, or set spring.thymeleaf.check-template-location=false)
2023-03-04T20:15:19.002+09:00  INFO 30264 --- [main] o.s.b.w.embedded.tomcat.TomcatWebServer  : Tomcat started on port(s): 8080 (http) with context path ''
2023-03-04T20:15:19.010+09:00  INFO 30264 --- [main] c.project.hangmani.HangmaniApplication   : Started HangmaniApplication in 1.567 seconds (process running for 1.817)
2023-03-04T20:15:23.303+09:00  INFO 30264 --- [http-nio-8080-exec-1] o.a.c.c.C.[Tomcat].[localhost].[/]       : Initializing Spring DispatcherServlet 'dispatcherServlet'
2023-03-04T20:15:23.303+09:00  INFO 30264 --- [http-nio-8080-exec-1] o.s.web.servlet.DispatcherServlet        : Initializing Servlet 'dispatcherServlet'
2023-03-04T20:15:23.304+09:00  INFO 30264 --- [http-nio-8080-exec-1] o.s.web.servlet.DispatcherServlet        : Completed initialization in 1 ms
2023-03-04T20:15:23.836+09:00  INFO 30264 --- [http-nio-8080-exec-8] o.springdoc.api.AbstractOpenApiResource  : Init duration for springdoc-openapi is: 280 ms
2023-03-04T20:15:26.281+09:00  INFO 30264 --- [http-nio-8080-exec-5] com.zaxxer.hikari.HikariDataSource       : HikariPool-1 - Starting...
2023-03-04T20:15:28.585+09:00 ERROR 30264 --- [http-nio-8080-exec-5] com.zaxxer.hikari.pool.HikariPool        : HikariPool-1 - Exception during pool initialization.

org.h2.jdbc.JdbcSQLNonTransientConnectionException: Connection is broken: "java.net.ConnectException: Connection refused: localhost" [90067-214]
	at org.h2.message.DbException.getJdbcSQLException(DbException.java:678) ~[h2-2.1.214.jar:2.1.214]
	at org.h2.message.DbException.getJdbcSQLException(DbException.java:477) ~[h2-2.1.214.jar:2.1.214]
	at org.h2.message.DbException.get(DbException.java:212) ~[h2-2.1.214.jar:2.1.214]
	at org.h2.engine.SessionRemote.connectServer(SessionRemote.java:437) ~[h2-2.1.214.jar:2.1.214]
	at org.h2.engine.SessionRemote.connectEmbeddedOrServer(SessionRemote.java:325) ~[h2-2.1.214.jar:2.1.214]
	at org.h2.jdbc.JdbcConnection.<init>(JdbcConnection.java:122) ~[h2-2.1.214.jar:2.1.214]
	at org.h2.Driver.connect(Driver.java:59) ~[h2-2.1.214.jar:2.1.214]
	at com.zaxxer.hikari.util.DriverDataSource.getConnection(DriverDataSource.java:138) ~[HikariCP-5.0.1.jar:na]
	at com.zaxxer.hikari.pool.PoolBase.newConnection(PoolBase.java:359) ~[HikariCP-5.0.1.jar:na]
	at com.zaxxer.hikari.pool.PoolBase.newPoolEntry(PoolBase.java:201) ~[HikariCP-5.0.1.jar:na]
	at com.zaxxer.hikari.pool.HikariPool.createPoolEntry(HikariPool.java:470) ~[HikariCP-5.0.1.jar:na]
	at com.zaxxer.hikari.pool.HikariPool.checkFailFast(HikariPool.java:561) ~[HikariCP-5.0.1.jar:na]
	at com.zaxxer.hikari.pool.HikariPool.<init>(HikariPool.java:100) ~[HikariCP-5.0.1.jar:na]
	at com.zaxxer.hikari.HikariDataSource.getConnection(HikariDataSource.java:112) ~[HikariCP-5.0.1.jar:na]
	at org.springframework.jdbc.datasource.DataSourceTransactionManager.doBegin(DataSourceTransactionManager.java:265) ~[spring-jdbc-6.0.4.jar:6.0.4]
	at org.springframework.transaction.support.AbstractPlatformTransactionManager.startTransaction(AbstractPlatformTransactionManager.java:400) ~[spring-tx-6.0.4.jar:6.0.4]
	at org.springframework.transaction.support.AbstractPlatformTransactionManager.getTransaction(AbstractPlatformTransactionManager.java:373) ~[spring-tx-6.0.4.jar:6.0.4]
	at org.springframework.transaction.interceptor.TransactionAspectSupport.createTransactionIfNecessary(TransactionAspectSupport.java:595) ~[spring-tx-6.0.4.jar:6.0.4]
	at org.springframework.transaction.interceptor.TransactionAspectSupport.invokeWithinTransaction(TransactionAspectSupport.java:382) ~[spring-tx-6.0.4.jar:6.0.4]
	at org.springframework.transaction.interceptor.TransactionInterceptor.invoke(TransactionInterceptor.java:119) ~[spring-tx-6.0.4.jar:6.0.4]
	at org.springframework.aop.framework.ReflectiveMethodInvocation.proceed(ReflectiveMethodInvocation.java:184) ~[spring-aop-6.0.4.jar:6.0.4]
	at org.springframework.aop.framework.CglibAopProxy$CglibMethodInvocation.proceed(CglibAopProxy.java:752) ~[spring-aop-6.0.4.jar:6.0.4]
	at org.springframework.aop.framework.CglibAopProxy$DynamicAdvisedInterceptor.intercept(CglibAopProxy.java:703) ~[spring-aop-6.0.4.jar:6.0.4]
	at com.project.hangmani.service.BoardService$$SpringCGLIB$$0.createBoard(<generated>) ~[classes/:na]
	at com.project.hangmani.controller.BoardController.createBoard(BoardController.java:21) ~[classes/:na]
	at java.base/jdk.internal.reflect.NativeMethodAccessorImpl.invoke0(Native Method) ~[na:na]
	at java.base/jdk.internal.reflect.NativeMethodAccessorImpl.invoke(NativeMethodAccessorImpl.java:77) ~[na:na]
	at java.base/jdk.internal.reflect.DelegatingMethodAccessorImpl.invoke(DelegatingMethodAccessorImpl.java:43) ~[na:na]
	at java.base/java.lang.reflect.Method.invoke(Method.java:568) ~[na:na]
	at org.springframework.web.method.support.InvocableHandlerMethod.doInvoke(InvocableHandlerMethod.java:207) ~[spring-web-6.0.4.jar:6.0.4]
	at org.springframework.web.method.support.InvocableHandlerMethod.invokeForRequest(InvocableHandlerMethod.java:152) ~[spring-web-6.0.4.jar:6.0.4]
	at org.springframework.web.servlet.mvc.method.annotation.ServletInvocableHandlerMethod.invokeAndHandle(ServletInvocableHandlerMethod.java:117) ~[spring-webmvc-6.0.4.jar:6.0.4]
	at org.springframework.web.servlet.mvc.method.annotation.RequestMappingHandlerAdapter.invokeHandlerMethod(RequestMappingHandlerAdapter.java:884) ~[spring-webmvc-6.0.4.jar:6.0.4]
	at org.springframework.web.servlet.mvc.method.annotation.RequestMappingHandlerAdapter.handleInternal(RequestMappingHandlerAdapter.java:797) ~[spring-webmvc-6.0.4.jar:6.0.4]
	at org.springframework.web.servlet.mvc.method.AbstractHandlerMethodAdapter.handle(AbstractHandlerMethodAdapter.java:87) ~[spring-webmvc-6.0.4.jar:6.0.4]
	at org.springframework.web.servlet.DispatcherServlet.doDispatch(DispatcherServlet.java:1080) ~[spring-webmvc-6.0.4.jar:6.0.4]
	at org.springframework.web.servlet.DispatcherServlet.doService(DispatcherServlet.java:973) ~[spring-webmvc-6.0.4.jar:6.0.4]
	at org.springframework.web.servlet.FrameworkServlet.processRequest(FrameworkServlet.java:1011) ~[spring-webmvc-6.0.4.jar:6.0.4]
	at org.springframework.web.servlet.FrameworkServlet.doPost(FrameworkServlet.java:914) ~[spring-webmvc-6.0.4.jar:6.0.4]
	at jakarta.servlet.http.HttpServlet.service(HttpServlet.java:731) ~[tomcat-embed-core-10.1.5.jar:6.0]
	at org.springframework.web.servlet.FrameworkServlet.service(FrameworkServlet.java:885) ~[spring-webmvc-6.0.4.jar:6.0.4]
	at jakarta.servlet.http.HttpServlet.service(HttpServlet.java:814) ~[tomcat-embed-core-10.1.5.jar:6.0]
	at org.apache.catalina.core.ApplicationFilterChain.internalDoFilter(ApplicationFilterChain.java:223) ~[tomcat-embed-core-10.1.5.jar:10.1.5]
	at org.apache.catalina.core.ApplicationFilterChain.doFilter(ApplicationFilterChain.java:158) ~[tomcat-embed-core-10.1.5.jar:10.1.5]
	at org.apache.tomcat.websocket.server.WsFilter.doFilter(WsFilter.java:53) ~[tomcat-embed-websocket-10.1.5.jar:10.1.5]
	at org.apache.catalina.core.ApplicationFilterChain.internalDoFilter(ApplicationFilterChain.java:185) ~[tomcat-embed-core-10.1.5.jar:10.1.5]
	at org.apache.catalina.core.ApplicationFilterChain.doFilter(ApplicationFilterChain.java:158) ~[tomcat-embed-core-10.1.5.jar:10.1.5]
	at org.springframework.web.servlet.resource.ResourceUrlEncodingFilter.doFilter(ResourceUrlEncodingFilter.java:66) ~[spring-webmvc-6.0.4.jar:6.0.4]
	at org.apache.catalina.core.ApplicationFilterChain.internalDoFilter(ApplicationFilterChain.java:185) ~[tomcat-embed-core-10.1.5.jar:10.1.5]
	at org.apache.catalina.core.ApplicationFilterChain.doFilter(ApplicationFilterChain.java:158) ~[tomcat-embed-core-10.1.5.jar:10.1.5]
	at org.springframework.web.filter.RequestContextFilter.doFilterInternal(RequestContextFilter.java:100) ~[spring-web-6.0.4.jar:6.0.4]
	at org.springframework.web.filter.OncePerRequestFilter.doFilter(OncePerRequestFilter.java:116) ~[spring-web-6.0.4.jar:6.0.4]
	at org.apache.catalina.core.ApplicationFilterChain.internalDoFilter(ApplicationFilterChain.java:185) ~[tomcat-embed-core-10.1.5.jar:10.1.5]
	at org.apache.catalina.core.ApplicationFilterChain.doFilter(ApplicationFilterChain.java:158) ~[tomcat-embed-core-10.1.5.jar:10.1.5]
	at org.springframework.web.filter.FormContentFilter.doFilterInternal(FormContentFilter.java:93) ~[spring-web-6.0.4.jar:6.0.4]
	at org.springframework.web.filter.OncePerRequestFilter.doFilter(OncePerRequestFilter.java:116) ~[spring-web-6.0.4.jar:6.0.4]
	at org.apache.catalina.core.ApplicationFilterChain.internalDoFilter(ApplicationFilterChain.java:185) ~[tomcat-embed-core-10.1.5.jar:10.1.5]
	at org.apache.catalina.core.ApplicationFilterChain.doFilter(ApplicationFilterChain.java:158) ~[tomcat-embed-core-10.1.5.jar:10.1.5]
	at org.springframework.web.filter.CharacterEncodingFilter.doFilterInternal(CharacterEncodingFilter.java:201) ~[spring-web-6.0.4.jar:6.0.4]
	at org.springframework.web.filter.OncePerRequestFilter.doFilter(OncePerRequestFilter.java:116) ~[spring-web-6.0.4.jar:6.0.4]
	at org.apache.catalina.core.ApplicationFilterChain.internalDoFilter(ApplicationFilterChain.java:185) ~[tomcat-embed-core-10.1.5.jar:10.1.5]
	at org.apache.catalina.core.ApplicationFilterChain.doFilter(ApplicationFilterChain.java:158) ~[tomcat-embed-core-10.1.5.jar:10.1.5]
	at org.apache.catalina.core.StandardWrapperValve.invoke(StandardWrapperValve.java:177) ~[tomcat-embed-core-10.1.5.jar:10.1.5]
	at org.apache.catalina.core.StandardContextValve.invoke(StandardContextValve.java:97) ~[tomcat-embed-core-10.1.5.jar:10.1.5]
	at org.apache.catalina.authenticator.AuthenticatorBase.invoke(AuthenticatorBase.java:542) ~[tomcat-embed-core-10.1.5.jar:10.1.5]
	at org.apache.catalina.core.StandardHostValve.invoke(StandardHostValve.java:119) ~[tomcat-embed-core-10.1.5.jar:10.1.5]
	at org.apache.catalina.valves.ErrorReportValve.invoke(ErrorReportValve.java:92) ~[tomcat-embed-core-10.1.5.jar:10.1.5]
	at org.apache.catalina.core.StandardEngineValve.invoke(StandardEngineValve.java:78) ~[tomcat-embed-core-10.1.5.jar:10.1.5]
	at org.apache.catalina.connector.CoyoteAdapter.service(CoyoteAdapter.java:357) ~[tomcat-embed-core-10.1.5.jar:10.1.5]
	at org.apache.coyote.http11.Http11Processor.service(Http11Processor.java:400) ~[tomcat-embed-core-10.1.5.jar:10.1.5]
	at org.apache.coyote.AbstractProcessorLight.process(AbstractProcessorLight.java:65) ~[tomcat-embed-core-10.1.5.jar:10.1.5]
	at org.apache.coyote.AbstractProtocol$ConnectionHandler.process(AbstractProtocol.java:859) ~[tomcat-embed-core-10.1.5.jar:10.1.5]
	at org.apache.tomcat.util.net.NioEndpoint$SocketProcessor.doRun(NioEndpoint.java:1734) ~[tomcat-embed-core-10.1.5.jar:10.1.5]
	at org.apache.tomcat.util.net.SocketProcessorBase.run(SocketProcessorBase.java:52) ~[tomcat-embed-core-10.1.5.jar:10.1.5]
	at org.apache.tomcat.util.threads.ThreadPoolExecutor.runWorker(ThreadPoolExecutor.java:1191) ~[tomcat-embed-core-10.1.5.jar:10.1.5]
	at org.apache.tomcat.util.threads.ThreadPoolExecutor$Worker.run(ThreadPoolExecutor.java:659) ~[tomcat-embed-core-10.1.5.jar:10.1.5]
	at org.apache.tomcat.util.threads.TaskThread$WrappingRunnable.run(TaskThread.java:61) ~[tomcat-embed-core-10.1.5.jar:10.1.5]
	at java.base/java.lang.Thread.run(Thread.java:857) ~[na:na]
Caused by: java.net.ConnectException: Connection refused
	at java.base/sun.nio.ch.Net.pollConnect(Native Method) ~[na:na]
	at java.base/sun.nio.ch.Net.pollConnectNow(Net.java:672) ~[na:na]
	at java.base/sun.nio.ch.NioSocketImpl.timedFinishConnect(NioSocketImpl.java:542) ~[na:na]
	at java.base/sun.nio.ch.NioSocketImpl.connect(NioSocketImpl.java:597) ~[na:na]
	at java.base/java.net.SocksSocketImpl.connect(SocksSocketImpl.java:327) ~[na:na]
	at java.base/java.net.Socket.connect(Socket.java:633) ~[na:na]
	at org.h2.util.NetUtils.createSocket(NetUtils.java:135) ~[h2-2.1.214.jar:2.1.214]
	at org.h2.util.NetUtils.createSocket(NetUtils.java:99) ~[h2-2.1.214.jar:2.1.214]
	at org.h2.engine.SessionRemote.initTransfer(SessionRemote.java:130) ~[h2-2.1.214.jar:2.1.214]
	at org.h2.engine.SessionRemote.connectServer(SessionRemote.java:433) ~[h2-2.1.214.jar:2.1.214]
	... 74 common frames omitted

2023-03-04T20:15:28.600+09:00 ERROR 30264 --- [http-nio-8080-exec-5] c.p.h.exception.DBExceptionHandler       : error={}

org.springframework.transaction.CannotCreateTransactionException: Could not open JDBC Connection for transaction
	at org.springframework.jdbc.datasource.DataSourceTransactionManager.doBegin(DataSourceTransactionManager.java:309) ~[spring-jdbc-6.0.4.jar:6.0.4]
	at org.springframework.transaction.support.AbstractPlatformTransactionManager.startTransaction(AbstractPlatformTransactionManager.java:400) ~[spring-tx-6.0.4.jar:6.0.4]
	at org.springframework.transaction.support.AbstractPlatformTransactionManager.getTransaction(AbstractPlatformTransactionManager.java:373) ~[spring-tx-6.0.4.jar:6.0.4]
	at org.springframework.transaction.interceptor.TransactionAspectSupport.createTransactionIfNecessary(TransactionAspectSupport.java:595) ~[spring-tx-6.0.4.jar:6.0.4]
	at org.springframework.transaction.interceptor.TransactionAspectSupport.invokeWithinTransaction(TransactionAspectSupport.java:382) ~[spring-tx-6.0.4.jar:6.0.4]
	at org.springframework.transaction.interceptor.TransactionInterceptor.invoke(TransactionInterceptor.java:119) ~[spring-tx-6.0.4.jar:6.0.4]
	at org.springframework.aop.framework.ReflectiveMethodInvocation.proceed(ReflectiveMethodInvocation.java:184) ~[spring-aop-6.0.4.jar:6.0.4]
	at org.springframework.aop.framework.CglibAopProxy$CglibMethodInvocation.proceed(CglibAopProxy.java:752) ~[spring-aop-6.0.4.jar:6.0.4]
	at org.springframework.aop.framework.CglibAopProxy$DynamicAdvisedInterceptor.intercept(CglibAopProxy.java:703) ~[spring-aop-6.0.4.jar:6.0.4]
	at com.project.hangmani.service.BoardService$$SpringCGLIB$$0.createBoard(<generated>) ~[classes/:na]
	at com.project.hangmani.controller.BoardController.createBoard(BoardController.java:21) ~[classes/:na]
	at java.base/jdk.internal.reflect.NativeMethodAccessorImpl.invoke0(Native Method) ~[na:na]
	at java.base/jdk.internal.reflect.NativeMethodAccessorImpl.invoke(NativeMethodAccessorImpl.java:77) ~[na:na]
	at java.base/jdk.internal.reflect.DelegatingMethodAccessorImpl.invoke(DelegatingMethodAccessorImpl.java:43) ~[na:na]
	at java.base/java.lang.reflect.Method.invoke(Method.java:568) ~[na:na]
	at org.springframework.web.method.support.InvocableHandlerMethod.doInvoke(InvocableHandlerMethod.java:207) ~[spring-web-6.0.4.jar:6.0.4]
	at org.springframework.web.method.support.InvocableHandlerMethod.invokeForRequest(InvocableHandlerMethod.java:152) ~[spring-web-6.0.4.jar:6.0.4]
	at org.springframework.web.servlet.mvc.method.annotation.ServletInvocableHandlerMethod.invokeAndHandle(ServletInvocableHandlerMethod.java:117) ~[spring-webmvc-6.0.4.jar:6.0.4]
	at org.springframework.web.servlet.mvc.method.annotation.RequestMappingHandlerAdapter.invokeHandlerMethod(RequestMappingHandlerAdapter.java:884) ~[spring-webmvc-6.0.4.jar:6.0.4]
	at org.springframework.web.servlet.mvc.method.annotation.RequestMappingHandlerAdapter.handleInternal(RequestMappingHandlerAdapter.java:797) ~[spring-webmvc-6.0.4.jar:6.0.4]
	at org.springframework.web.servlet.mvc.method.AbstractHandlerMethodAdapter.handle(AbstractHandlerMethodAdapter.java:87) ~[spring-webmvc-6.0.4.jar:6.0.4]
	at org.springframework.web.servlet.DispatcherServlet.doDispatch(DispatcherServlet.java:1080) ~[spring-webmvc-6.0.4.jar:6.0.4]
	at org.springframework.web.servlet.DispatcherServlet.doService(DispatcherServlet.java:973) ~[spring-webmvc-6.0.4.jar:6.0.4]
	at org.springframework.web.servlet.FrameworkServlet.processRequest(FrameworkServlet.java:1011) ~[spring-webmvc-6.0.4.jar:6.0.4]
	at org.springframework.web.servlet.FrameworkServlet.doPost(FrameworkServlet.java:914) ~[spring-webmvc-6.0.4.jar:6.0.4]
	at jakarta.servlet.http.HttpServlet.service(HttpServlet.java:731) ~[tomcat-embed-core-10.1.5.jar:6.0]
	at org.springframework.web.servlet.FrameworkServlet.service(FrameworkServlet.java:885) ~[spring-webmvc-6.0.4.jar:6.0.4]
	at jakarta.servlet.http.HttpServlet.service(HttpServlet.java:814) ~[tomcat-embed-core-10.1.5.jar:6.0]
	at org.apache.catalina.core.ApplicationFilterChain.internalDoFilter(ApplicationFilterChain.java:223) ~[tomcat-embed-core-10.1.5.jar:10.1.5]
	at org.apache.catalina.core.ApplicationFilterChain.doFilter(ApplicationFilterChain.java:158) ~[tomcat-embed-core-10.1.5.jar:10.1.5]
	at org.apache.tomcat.websocket.server.WsFilter.doFilter(WsFilter.java:53) ~[tomcat-embed-websocket-10.1.5.jar:10.1.5]
	at org.apache.catalina.core.ApplicationFilterChain.internalDoFilter(ApplicationFilterChain.java:185) ~[tomcat-embed-core-10.1.5.jar:10.1.5]
	at org.apache.catalina.core.ApplicationFilterChain.doFilter(ApplicationFilterChain.java:158) ~[tomcat-embed-core-10.1.5.jar:10.1.5]
	at org.springframework.web.servlet.resource.ResourceUrlEncodingFilter.doFilter(ResourceUrlEncodingFilter.java:66) ~[spring-webmvc-6.0.4.jar:6.0.4]
	at org.apache.catalina.core.ApplicationFilterChain.internalDoFilter(ApplicationFilterChain.java:185) ~[tomcat-embed-core-10.1.5.jar:10.1.5]
	at org.apache.catalina.core.ApplicationFilterChain.doFilter(ApplicationFilterChain.java:158) ~[tomcat-embed-core-10.1.5.jar:10.1.5]
	at org.springframework.web.filter.RequestContextFilter.doFilterInternal(RequestContextFilter.java:100) ~[spring-web-6.0.4.jar:6.0.4]
	at org.springframework.web.filter.OncePerRequestFilter.doFilter(OncePerRequestFilter.java:116) ~[spring-web-6.0.4.jar:6.0.4]
	at org.apache.catalina.core.ApplicationFilterChain.internalDoFilter(ApplicationFilterChain.java:185) ~[tomcat-embed-core-10.1.5.jar:10.1.5]
	at org.apache.catalina.core.ApplicationFilterChain.doFilter(ApplicationFilterChain.java:158) ~[tomcat-embed-core-10.1.5.jar:10.1.5]
	at org.springframework.web.filter.FormContentFilter.doFilterInternal(FormContentFilter.java:93) ~[spring-web-6.0.4.jar:6.0.4]
	at org.springframework.web.filter.OncePerRequestFilter.doFilter(OncePerRequestFilter.java:116) ~[spring-web-6.0.4.jar:6.0.4]
	at org.apache.catalina.core.ApplicationFilterChain.internalDoFilter(ApplicationFilterChain.java:185) ~[tomcat-embed-core-10.1.5.jar:10.1.5]
	at org.apache.catalina.core.ApplicationFilterChain.doFilter(ApplicationFilterChain.java:158) ~[tomcat-embed-core-10.1.5.jar:10.1.5]
	at org.springframework.web.filter.CharacterEncodingFilter.doFilterInternal(CharacterEncodingFilter.java:201) ~[spring-web-6.0.4.jar:6.0.4]
	at org.springframework.web.filter.OncePerRequestFilter.doFilter(OncePerRequestFilter.java:116) ~[spring-web-6.0.4.jar:6.0.4]
	at org.apache.catalina.core.ApplicationFilterChain.internalDoFilter(ApplicationFilterChain.java:185) ~[tomcat-embed-core-10.1.5.jar:10.1.5]
	at org.apache.catalina.core.ApplicationFilterChain.doFilter(ApplicationFilterChain.java:158) ~[tomcat-embed-core-10.1.5.jar:10.1.5]
	at org.apache.catalina.core.StandardWrapperValve.invoke(StandardWrapperValve.java:177) ~[tomcat-embed-core-10.1.5.jar:10.1.5]
	at org.apache.catalina.core.StandardContextValve.invoke(StandardContextValve.java:97) ~[tomcat-embed-core-10.1.5.jar:10.1.5]
	at org.apache.catalina.authenticator.AuthenticatorBase.invoke(AuthenticatorBase.java:542) ~[tomcat-embed-core-10.1.5.jar:10.1.5]
	at org.apache.catalina.core.StandardHostValve.invoke(StandardHostValve.java:119) ~[tomcat-embed-core-10.1.5.jar:10.1.5]
	at org.apache.catalina.valves.ErrorReportValve.invoke(ErrorReportValve.java:92) ~[tomcat-embed-core-10.1.5.jar:10.1.5]
	at org.apache.catalina.core.StandardEngineValve.invoke(StandardEngineValve.java:78) ~[tomcat-embed-core-10.1.5.jar:10.1.5]
	at org.apache.catalina.connector.CoyoteAdapter.service(CoyoteAdapter.java:357) ~[tomcat-embed-core-10.1.5.jar:10.1.5]
	at org.apache.coyote.http11.Http11Processor.service(Http11Processor.java:400) ~[tomcat-embed-core-10.1.5.jar:10.1.5]
	at org.apache.coyote.AbstractProcessorLight.process(AbstractProcessorLight.java:65) ~[tomcat-embed-core-10.1.5.jar:10.1.5]
	at org.apache.coyote.AbstractProtocol$ConnectionHandler.process(AbstractProtocol.java:859) ~[tomcat-embed-core-10.1.5.jar:10.1.5]
	at org.apache.tomcat.util.net.NioEndpoint$SocketProcessor.doRun(NioEndpoint.java:1734) ~[tomcat-embed-core-10.1.5.jar:10.1.5]
	at org.apache.tomcat.util.net.SocketProcessorBase.run(SocketProcessorBase.java:52) ~[tomcat-embed-core-10.1.5.jar:10.1.5]
	at org.apache.tomcat.util.threads.ThreadPoolExecutor.runWorker(ThreadPoolExecutor.java:1191) ~[tomcat-embed-core-10.1.5.jar:10.1.5]
	at org.apache.tomcat.util.threads.ThreadPoolExecutor$Worker.run(ThreadPoolExecutor.java:659) ~[tomcat-embed-core-10.1.5.jar:10.1.5]
	at org.apache.tomcat.util.threads.TaskThread$WrappingRunnable.run(TaskThread.java:61) ~[tomcat-embed-core-10.1.5.jar:10.1.5]
	at java.base/java.lang.Thread.run(Thread.java:857) ~[na:na]
Caused by: org.h2.jdbc.JdbcSQLNonTransientConnectionException: Connection is broken: "java.net.ConnectException: Connection refused: localhost" [90067-214]
	at org.h2.message.DbException.getJdbcSQLException(DbException.java:678) ~[h2-2.1.214.jar:2.1.214]
	at org.h2.message.DbException.getJdbcSQLException(DbException.java:477) ~[h2-2.1.214.jar:2.1.214]
	at org.h2.message.DbException.get(DbException.java:212) ~[h2-2.1.214.jar:2.1.214]
	at org.h2.engine.SessionRemote.connectServer(SessionRemote.java:437) ~[h2-2.1.214.jar:2.1.214]
	at org.h2.engine.SessionRemote.connectEmbeddedOrServer(SessionRemote.java:325) ~[h2-2.1.214.jar:2.1.214]
	at org.h2.jdbc.JdbcConnection.<init>(JdbcConnection.java:122) ~[h2-2.1.214.jar:2.1.214]
	at org.h2.Driver.connect(Driver.java:59) ~[h2-2.1.214.jar:2.1.214]
	at com.zaxxer.hikari.util.DriverDataSource.getConnection(DriverDataSource.java:138) ~[HikariCP-5.0.1.jar:na]
	at com.zaxxer.hikari.pool.PoolBase.newConnection(PoolBase.java:359) ~[HikariCP-5.0.1.jar:na]
	at com.zaxxer.hikari.pool.PoolBase.newPoolEntry(PoolBase.java:201) ~[HikariCP-5.0.1.jar:na]
	at com.zaxxer.hikari.pool.HikariPool.createPoolEntry(HikariPool.java:470) ~[HikariCP-5.0.1.jar:na]
	at com.zaxxer.hikari.pool.HikariPool.checkFailFast(HikariPool.java:561) ~[HikariCP-5.0.1.jar:na]
	at com.zaxxer.hikari.pool.HikariPool.<init>(HikariPool.java:100) ~[HikariCP-5.0.1.jar:na]
	at com.zaxxer.hikari.HikariDataSource.getConnection(HikariDataSource.java:112) ~[HikariCP-5.0.1.jar:na]
	at org.springframework.jdbc.datasource.DataSourceTransactionManager.doBegin(DataSourceTransactionManager.java:265) ~[spring-jdbc-6.0.4.jar:6.0.4]
	... 63 common frames omitted
Caused by: java.net.ConnectException: Connection refused
	at java.base/sun.nio.ch.Net.pollConnect(Native Method) ~[na:na]
	at java.base/sun.nio.ch.Net.pollConnectNow(Net.java:672) ~[na:na]
	at java.base/sun.nio.ch.NioSocketImpl.timedFinishConnect(NioSocketImpl.java:542) ~[na:na]
	at java.base/sun.nio.ch.NioSocketImpl.connect(NioSocketImpl.java:597) ~[na:na]
	at java.base/java.net.SocksSocketImpl.connect(SocksSocketImpl.java:327) ~[na:na]
	at java.base/java.net.Socket.connect(Socket.java:633) ~[na:na]
	at org.h2.util.NetUtils.createSocket(NetUtils.java:135) ~[h2-2.1.214.jar:2.1.214]
	at org.h2.util.NetUtils.createSocket(NetUtils.java:99) ~[h2-2.1.214.jar:2.1.214]
	at org.h2.engine.SessionRemote.initTransfer(SessionRemote.java:130) ~[h2-2.1.214.jar:2.1.214]
	at org.h2.engine.SessionRemote.connectServer(SessionRemote.java:433) ~[h2-2.1.214.jar:2.1.214]
	... 74 common frames omitted

